<?xml version="1.0" encoding="UTF-8"?>
<!-- Generated by org.testng.reporters.JUnitReportReporter -->
<testsuite hostname="DESKTOP-BL2TRF2" failures="0" tests="1" name="Academy.reg2" time="42.361" errors="0" timestamp="2022-08-08T14:48:39 IST" skipped="0">
  <testcase classname="Academy.reg2" name="reg" time="42.361"/>
  <system-out/>
</testsuite> <!-- Academy.reg2 -->
