<?xml version="1.0" encoding="UTF-8"?>
<!-- Generated by org.testng.reporters.JUnitReportReporter -->
<testsuite hostname="DESKTOP-BL2TRF2" failures="0" tests="1" name="Academy.dataDrivenregistration" time="62.971" errors="0" timestamp="2022-08-08T19:57:09 IST" skipped="0">
  <testcase classname="Academy.dataDrivenregistration" name="reg" time="62.971"/>
  <system-out/>
</testsuite> <!-- Academy.dataDrivenregistration -->
