<?xml version="1.0" encoding="UTF-8"?>
<!-- Generated by org.testng.reporters.JUnitReportReporter -->
<testsuite hostname="DESKTOP-BL2TRF2" failures="0" tests="3" name="Academy.login" time="147.188" errors="0" timestamp="2022-08-03T20:28:24 IST" skipped="0">
  <testcase classname="Academy.login" name="login" time="74.984"/>
  <system-out/>
  <testcase classname="Academy.login" name="practice" time="46.667"/>
  <system-out/>
  <testcase classname="Academy.login" name="autoPractice" time="25.537"/>
  <system-out/>
</testsuite> <!-- Academy.login -->
