<?xml version="1.0" encoding="UTF-8"?>
<!-- Generated by org.testng.reporters.JUnitReportReporter -->
<testsuite hostname="DESKTOP-BL2TRF2" failures="0" tests="3" name="Academy.login" time="162.583" errors="0" timestamp="2022-08-08T19:49:33 IST" skipped="0">
  <testcase classname="Academy.login" name="login" time="102.838"/>
  <system-out/>
  <testcase classname="Academy.login" name="practice" time="28.632"/>
  <system-out/>
  <testcase classname="Academy.login" name="autoPractice" time="31.113"/>
  <system-out/>
</testsuite> <!-- Academy.login -->
