<?xml version="1.0" encoding="UTF-8"?>
<!-- Generated by org.testng.reporters.JUnitReportReporter -->
<testsuite hostname="DESKTOP-BL2TRF2" failures="0" tests="3" name="Academy.login" time="97.147" errors="0" timestamp="08 Aug 2022 14:45:43 GMT" skipped="0">
  <testcase classname="Academy.login" name="login" time="33.532"/>
  <testcase classname="Academy.login" name="practice" time="30.677"/>
  <testcase classname="Academy.login" name="autoPractice" time="32.938"/>
</testsuite> <!-- Academy.login -->
